# JRE version: Java(TM) SE Runtime Environment (8.0_411) (build 1.8.0_411-b09)
# Java VM: Java HotSpot(TM) 64-Bit Server VM (25.411-b09 mixed mode windows-amd64 compressed oops)
Heap:
 PSYoungGen      total 193536K, used 36667K [0x0000000781100000, 0x000000078df80000, 0x00000007c0000000)
  eden space 184320K, 19% used [0x0000000781100000,0x00000007834cef48,0x000000078c500000)
  from space 9216K, 0% used [0x000000078cf80000,0x000000078cf80000,0x000000078d880000)
  to   space 10752K, 0% used [0x000000078c500000,0x000000078c500000,0x000000078cf80000)
 ParOldGen       total 77824K, used 14915K [0x0000000703200000, 0x0000000707e00000, 0x0000000781100000)
  object space 77824K, 19% used [0x0000000703200000,0x0000000704090d60,0x0000000707e00000)
 Metaspace       used 35676K, capacity 37542K, committed 37720K, reserved 1081344K
  class space    used 4733K, capacity 5188K, committed 5248K, reserved 1048576K
GC Heap History (10 events):
Event: 8.895 GC heap before
{Heap before GC invocations=6 (full 1):
 PSYoungGen      total 80896K, used 80549K [0x0000000781100000, 0x0000000787d00000, 0x00000007c0000000)
  eden space 76288K, 100% used [0x0000000781100000,0x0000000785b80000,0x0000000785b80000)
  from space 4608K, 92% used [0x0000000787880000,0x0000000787ca95e8,0x0000000787d00000)
  to   space 7680K, 0% used [0x0000000786e00000,0x0000000786e00000,0x0000000787580000)
 ParOldGen       total 77824K, used 6007K [0x0000000703200000, 0x0000000707e00000, 0x0000000781100000)
  object space 77824K, 7% used [0x0000000703200000,0x00000007037ddc38,0x0000000707e00000)
 Metaspace       used 29145K, capacity 30214K, committed 30464K, reserved 1075200K
  class space    used 3789K, capacity 4034K, committed 4096K, reserved 1048576K
Event: 8.909 GC heap after
Heap after GC invocations=6 (full 1):
 PSYoungGen      total 102912K, used 5947K [0x0000000781100000, 0x0000000789800000, 0x00000007c0000000)
  eden space 95232K, 0% used [0x0000000781100000,0x0000000781100000,0x0000000786e00000)
  from space 7680K, 77% used [0x0000000786e00000,0x00000007873cec48,0x0000000787580000)
  to   space 10240K, 0% used [0x0000000788e00000,0x0000000788e00000,0x0000000789800000)
 ParOldGen       total 77824K, used 6015K [0x0000000703200000, 0x0000000707e00000, 0x0000000781100000)
  object space 77824K, 7% used [0x0000000703200000,0x00000007037dfc38,0x0000000707e00000)
 Metaspace       used 29145K, capacity 30214K, committed 30464K, reserved 1075200K
  class space    used 3789K, capacity 4034K, committed 4096K, reserved 1048576K
}
Event: 10.656 GC heap before
{Heap before GC invocations=7 (full 1):
 PSYoungGen      total 102912K, used 101179K [0x0000000781100000, 0x0000000789800000, 0x00000007c0000000)
  eden space 95232K, 100% used [0x0000000781100000,0x0000000786e00000,0x0000000786e00000)
  from space 7680K, 77% used [0x0000000786e00000,0x00000007873cec48,0x0000000787580000)
  to   space 10240K, 0% used [0x0000000788e00000,0x0000000788e00000,0x0000000789800000)
 ParOldGen       total 77824K, used 6015K [0x0000000703200000, 0x0000000707e00000, 0x0000000781100000)
  object space 77824K, 7% used [0x0000000703200000,0x00000007037dfc38,0x0000000707e00000)
 Metaspace       used 31288K, capacity 32360K, committed 32512K, reserved 1077248K
  class space    used 4082K, capacity 4336K, committed 4352K, reserved 1048576K
Event: 10.674 GC heap after
Heap after GC invocations=7 (full 1):
 PSYoungGen      total 128512K, used 6510K [0x0000000781100000, 0x000000078b380000, 0x00000007c0000000)
  eden space 118272K, 0% used [0x0000000781100000,0x0000000781100000,0x0000000788480000)
  from space 10240K, 63% used [0x0000000788e00000,0x000000078945bbf8,0x0000000789800000)
  to   space 9728K, 0% used [0x0000000788480000,0x0000000788480000,0x0000000788e00000)
 ParOldGen       total 77824K, used 6023K [0x0000000703200000, 0x0000000707e00000, 0x0000000781100000)
  object space 77824K, 7% used [0x0000000703200000,0x00000007037e1c38,0x0000000707e00000)
 Metaspace       used 31288K, capacity 32360K, committed 32512K, reserved 1077248K
  class space    used 4082K, capacity 4336K, committed 4352K, reserved 1048576K
}
Event: 11.687 GC heap before
{Heap before GC invocations=8 (full 1):
 PSYoungGen      total 128512K, used 124782K [0x0000000781100000, 0x000000078b380000, 0x00000007c0000000)
  eden space 118272K, 100% used [0x0000000781100000,0x0000000788480000,0x0000000788480000)
  from space 10240K, 63% used [0x0000000788e00000,0x000000078945bbf8,0x0000000789800000)
  to   space 9728K, 0% used [0x0000000788480000,0x0000000788480000,0x0000000788e00000)
 ParOldGen       total 77824K, used 6023K [0x0000000703200000, 0x0000000707e00000, 0x0000000781100000)
  object space 77824K, 7% used [0x0000000703200000,0x00000007037e1c38,0x0000000707e00000)
 Metaspace       used 31889K, capacity 33364K, committed 33408K, reserved 1079296K
  class space    used 4171K, capacity 4470K, committed 4480K, reserved 1048576K
Event: 11.702 GC heap after
Heap after GC invocations=8 (full 1):
 PSYoungGen      total 128000K, used 6487K [0x0000000781100000, 0x000000078d880000, 0x00000007c0000000)
  eden space 118272K, 0% used [0x0000000781100000,0x0000000781100000,0x0000000788480000)
  from space 9728K, 66% used [0x0000000788480000,0x0000000788ad5ce0,0x0000000788e00000)
  to   space 9216K, 0% used [0x000000078cf80000,0x000000078cf80000,0x000000078d880000)
 ParOldGen       total 77824K, used 6031K [0x0000000703200000, 0x0000000707e00000, 0x0000000781100000)
  object space 77824K, 7% used [0x0000000703200000,0x00000007037e3c38,0x0000000707e00000)
 Metaspace       used 31889K, capacity 33364K, committed 33408K, reserved 1079296K
  class space    used 4171K, capacity 4470K, committed 4480K, reserved 1048576K
}
Event: 12.710 GC heap before
{Heap before GC invocations=9 (full 1):
 PSYoungGen      total 128000K, used 110039K [0x0000000781100000, 0x000000078d880000, 0x00000007c0000000)
  eden space 118272K, 87% used [0x0000000781100000,0x0000000787620110,0x0000000788480000)
  from space 9728K, 66% used [0x0000000788480000,0x0000000788ad5ce0,0x0000000788e00000)
  to   space 9216K, 0% used [0x000000078cf80000,0x000000078cf80000,0x000000078d880000)
 ParOldGen       total 77824K, used 6031K [0x0000000703200000, 0x0000000707e00000, 0x0000000781100000)
  object space 77824K, 7% used [0x0000000703200000,0x00000007037e3c38,0x0000000707e00000)
 Metaspace       used 33508K, capacity 35312K, committed 35416K, reserved 1079296K
  class space    used 4472K, capacity 4921K, committed 4992K, reserved 1048576K
Event: 12.728 GC heap after
Heap after GC invocations=9 (full 1):
 PSYoungGen      total 193536K, used 9184K [0x0000000781100000, 0x000000078df80000, 0x00000007c0000000)
  eden space 184320K, 0% used [0x0000000781100000,0x0000000781100000,0x000000078c500000)
  from space 9216K, 99% used [0x000000078cf80000,0x000000078d878040,0x000000078d880000)
  to   space 10752K, 0% used [0x000000078c500000,0x000000078c500000,0x000000078cf80000)
 ParOldGen       total 77824K, used 7013K [0x0000000703200000, 0x0000000707e00000, 0x0000000781100000)
  object space 77824K, 9% used [0x0000000703200000,0x00000007038d97f8,0x0000000707e00000)
 Metaspace       used 33508K, capacity 35312K, committed 35416K, reserved 1079296K
  class space    used 4472K, capacity 4921K, committed 4992K, reserved 1048576K
}
Event: 12.728 GC heap before
{Heap before GC invocations=10 (full 2):
 PSYoungGen      total 193536K, used 9184K [0x0000000781100000, 0x000000078df80000, 0x00000007c0000000)
  eden space 184320K, 0% used [0x0000000781100000,0x0000000781100000,0x000000078c500000)
  from space 9216K, 99% used [0x000000078cf80000,0x000000078d878040,0x000000078d880000)
  to   space 10752K, 0% used [0x000000078c500000,0x000000078c500000,0x000000078cf80000)
 ParOldGen       total 77824K, used 7013K [0x0000000703200000, 0x0000000707e00000, 0x0000000781100000)
  object space 77824K, 9% used [0x0000000703200000,0x00000007038d97f8,0x0000000707e00000)
 Metaspace       used 33508K, capacity 35312K, committed 35416K, reserved 1079296K
  class space    used 4472K, capacity 4921K, committed 4992K, reserved 1048576K
Event: 12.835 GC heap after
Heap after GC invocations=10 (full 2):
 PSYoungGen      total 193536K, used 0K [0x0000000781100000, 0x000000078df80000, 0x00000007c0000000)
  eden space 184320K, 0% used [0x0000000781100000,0x0000000781100000,0x000000078c500000)
  from space 9216K, 0% used [0x000000078cf80000,0x000000078cf80000,0x000000078d880000)
  to   space 10752K, 0% used [0x000000078c500000,0x000000078c500000,0x000000078cf80000)
 ParOldGen       total 77824K, used 14915K [0x0000000703200000, 0x0000000707e00000, 0x0000000781100000)
  object space 77824K, 19% used [0x0000000703200000,0x0000000704090d60,0x0000000707e00000)
 Metaspace       used 33508K, capacity 35312K, committed 35416K, reserved 1079296K
  class space    used 4472K, capacity 4921K, committed 4992K, reserved 1048576K
}

