# JRE version: Java(TM) SE Runtime Environment (8.0_411) (build 1.8.0_411-b09)
# Java VM: Java HotSpot(TM) 64-Bit Server VM (25.411-b09 mixed mode windows-amd64 compressed oops)
Heap:
 PSYoungGen      total 174592K, used 29201K [0x0000000781100000, 0x000000078cd80000, 0x00000007c0000000)
  eden space 163328K, 11% used [0x0000000781100000,0x000000078228b900,0x000000078b080000)
  from space 11264K, 99% used [0x000000078be00000,0x000000078c8f8e98,0x000000078c900000)
  to   space 13824K, 0% used [0x000000078b080000,0x000000078b080000,0x000000078be00000)
 ParOldGen       total 130048K, used 17467K [0x0000000703200000, 0x000000070b100000, 0x0000000781100000)
  object space 130048K, 13% used [0x0000000703200000,0x000000070430eca0,0x000000070b100000)
 Metaspace       used 46612K, capacity 49440K, committed 49704K, reserved 1091584K
  class space    used 6381K, capacity 7177K, committed 7208K, reserved 1048576K
GC Heap History (10 events):
Event: 12.081 GC heap before
{Heap before GC invocations=10 (full 1):
 PSYoungGen      total 109568K, used 96352K [0x0000000781100000, 0x0000000788600000, 0x00000007c0000000)
  eden space 99328K, 90% used [0x0000000781100000,0x0000000786929d68,0x0000000787200000)
  from space 10240K, 59% used [0x0000000787b80000,0x000000078816e440,0x0000000788580000)
  to   space 9728K, 0% used [0x0000000787200000,0x0000000787200000,0x0000000787b80000)
 ParOldGen       total 88064K, used 7382K [0x0000000703200000, 0x0000000708800000, 0x0000000781100000)
  object space 88064K, 8% used [0x0000000703200000,0x00000007039359e8,0x0000000708800000)
 Metaspace       used 34176K, capacity 35478K, committed 35496K, reserved 1079296K
  class space    used 4494K, capacity 4775K, committed 4776K, reserved 1048576K
Event: 12.098 GC heap after
Heap after GC invocations=10 (full 1):
 PSYoungGen      total 109056K, used 6856K [0x0000000781100000, 0x000000078a380000, 0x00000007c0000000)
  eden space 99328K, 0% used [0x0000000781100000,0x0000000781100000,0x0000000787200000)
  from space 9728K, 70% used [0x0000000787200000,0x00000007878b20e8,0x0000000787b80000)
  to   space 9728K, 0% used [0x0000000789a00000,0x0000000789a00000,0x000000078a380000)
 ParOldGen       total 88064K, used 7390K [0x0000000703200000, 0x0000000708800000, 0x0000000781100000)
  object space 88064K, 8% used [0x0000000703200000,0x00000007039379e8,0x0000000708800000)
 Metaspace       used 34176K, capacity 35478K, committed 35496K, reserved 1079296K
  class space    used 4494K, capacity 4775K, committed 4776K, reserved 1048576K
}
Event: 12.098 GC heap before
{Heap before GC invocations=11 (full 2):
 PSYoungGen      total 109056K, used 6856K [0x0000000781100000, 0x000000078a380000, 0x00000007c0000000)
  eden space 99328K, 0% used [0x0000000781100000,0x0000000781100000,0x0000000787200000)
  from space 9728K, 70% used [0x0000000787200000,0x00000007878b20e8,0x0000000787b80000)
  to   space 9728K, 0% used [0x0000000789a00000,0x0000000789a00000,0x000000078a380000)
 ParOldGen       total 88064K, used 7390K [0x0000000703200000, 0x0000000708800000, 0x0000000781100000)
  object space 88064K, 8% used [0x0000000703200000,0x00000007039379e8,0x0000000708800000)
 Metaspace       used 34176K, capacity 35478K, committed 35496K, reserved 1079296K
  class space    used 4494K, capacity 4775K, committed 4776K, reserved 1048576K
Event: 12.179 GC heap after
Heap after GC invocations=11 (full 2):
 PSYoungGen      total 109056K, used 0K [0x0000000781100000, 0x000000078a380000, 0x00000007c0000000)
  eden space 99328K, 0% used [0x0000000781100000,0x0000000781100000,0x0000000787200000)
  from space 9728K, 0% used [0x0000000787200000,0x0000000787200000,0x0000000787b80000)
  to   space 9728K, 0% used [0x0000000789a00000,0x0000000789a00000,0x000000078a380000)
 ParOldGen       total 130048K, used 12104K [0x0000000703200000, 0x000000070b100000, 0x0000000781100000)
  object space 130048K, 9% used [0x0000000703200000,0x0000000703dd20c0,0x000000070b100000)
 Metaspace       used 34176K, capacity 35478K, committed 35496K, reserved 1079296K
  class space    used 4494K, capacity 4775K, committed 4776K, reserved 1048576K
}
Event: 13.511 GC heap before
{Heap before GC invocations=12 (full 2):
 PSYoungGen      total 109056K, used 99328K [0x0000000781100000, 0x000000078a380000, 0x00000007c0000000)
  eden space 99328K, 100% used [0x0000000781100000,0x0000000787200000,0x0000000787200000)
  from space 9728K, 0% used [0x0000000787200000,0x0000000787200000,0x0000000787b80000)
  to   space 9728K, 0% used [0x0000000789a00000,0x0000000789a00000,0x000000078a380000)
 ParOldGen       total 130048K, used 12104K [0x0000000703200000, 0x000000070b100000, 0x0000000781100000)
  object space 130048K, 9% used [0x0000000703200000,0x0000000703dd20c0,0x000000070b100000)
 Metaspace       used 35789K, capacity 37834K, committed 37928K, reserved 1081344K
  class space    used 4810K, capacity 5329K, committed 5416K, reserved 1048576K
Event: 13.523 GC heap after
Heap after GC invocations=12 (full 2):
 PSYoungGen      total 137216K, used 3664K [0x0000000781100000, 0x000000078a200000, 0x00000007c0000000)
  eden space 129024K, 0% used [0x0000000781100000,0x0000000781100000,0x0000000788f00000)
  from space 8192K, 44% used [0x0000000789a00000,0x0000000789d942b0,0x000000078a200000)
  to   space 9728K, 0% used [0x0000000788f00000,0x0000000788f00000,0x0000000789880000)
 ParOldGen       total 130048K, used 12112K [0x0000000703200000, 0x000000070b100000, 0x0000000781100000)
  object space 130048K, 9% used [0x0000000703200000,0x0000000703dd40c0,0x000000070b100000)
 Metaspace       used 35789K, capacity 37834K, committed 37928K, reserved 1081344K
  class space    used 4810K, capacity 5329K, committed 5416K, reserved 1048576K
}
Event: 16.282 GC heap before
{Heap before GC invocations=13 (full 2):
 PSYoungGen      total 137216K, used 132688K [0x0000000781100000, 0x000000078a200000, 0x00000007c0000000)
  eden space 129024K, 100% used [0x0000000781100000,0x0000000788f00000,0x0000000788f00000)
  from space 8192K, 44% used [0x0000000789a00000,0x0000000789d942b0,0x000000078a200000)
  to   space 9728K, 0% used [0x0000000788f00000,0x0000000788f00000,0x0000000789880000)
 ParOldGen       total 130048K, used 12112K [0x0000000703200000, 0x000000070b100000, 0x0000000781100000)
  object space 130048K, 9% used [0x0000000703200000,0x0000000703dd40c0,0x000000070b100000)
 Metaspace       used 40351K, capacity 42794K, committed 43048K, reserved 1085440K
  class space    used 5477K, capacity 6179K, committed 6184K, reserved 1048576K
Event: 16.304 GC heap after
Heap after GC invocations=13 (full 2):
 PSYoungGen      total 138752K, used 9724K [0x0000000781100000, 0x000000078c900000, 0x00000007c0000000)
  eden space 129024K, 0% used [0x0000000781100000,0x0000000781100000,0x0000000788f00000)
  from space 9728K, 99% used [0x0000000788f00000,0x000000078987f380,0x0000000789880000)
  to   space 11264K, 0% used [0x000000078be00000,0x000000078be00000,0x000000078c900000)
 ParOldGen       total 130048K, used 13840K [0x0000000703200000, 0x000000070b100000, 0x0000000781100000)
  object space 130048K, 10% used [0x0000000703200000,0x0000000703f84318,0x000000070b100000)
 Metaspace       used 40351K, capacity 42794K, committed 43048K, reserved 1085440K
  class space    used 5477K, capacity 6179K, committed 6184K, reserved 1048576K
}
Event: 19.191 GC heap before
{Heap before GC invocations=14 (full 2):
 PSYoungGen      total 138752K, used 138748K [0x0000000781100000, 0x000000078c900000, 0x00000007c0000000)
  eden space 129024K, 100% used [0x0000000781100000,0x0000000788f00000,0x0000000788f00000)
  from space 9728K, 99% used [0x0000000788f00000,0x000000078987f380,0x0000000789880000)
  to   space 11264K, 0% used [0x000000078be00000,0x000000078be00000,0x000000078c900000)
 ParOldGen       total 130048K, used 13840K [0x0000000703200000, 0x000000070b100000, 0x0000000781100000)
  object space 130048K, 10% used [0x0000000703200000,0x0000000703f84318,0x000000070b100000)
 Metaspace       used 45539K, capacity 48326K, committed 48552K, reserved 1091584K
  class space    used 6254K, capacity 7052K, committed 7080K, reserved 1048576K
Event: 19.221 GC heap after
Heap after GC invocations=14 (full 2):
 PSYoungGen      total 174592K, used 11235K [0x0000000781100000, 0x000000078cd80000, 0x00000007c0000000)
  eden space 163328K, 0% used [0x0000000781100000,0x0000000781100000,0x000000078b080000)
  from space 11264K, 99% used [0x000000078be00000,0x000000078c8f8e98,0x000000078c900000)
  to   space 13824K, 0% used [0x000000078b080000,0x000000078b080000,0x000000078be00000)
 ParOldGen       total 130048K, used 17467K [0x0000000703200000, 0x000000070b100000, 0x0000000781100000)
  object space 130048K, 13% used [0x0000000703200000,0x000000070430eca0,0x000000070b100000)
 Metaspace       used 45539K, capacity 48326K, committed 48552K, reserved 1091584K
  class space    used 6254K, capacity 7052K, committed 7080K, reserved 1048576K
}

