# JRE version: Java(TM) SE Runtime Environment (8.0_411) (build 1.8.0_411-b09)
# Java VM: Java HotSpot(TM) 64-Bit Server VM (25.411-b09 mixed mode windows-amd64 compressed oops)
Heap:
 PSYoungGen      total 228352K, used 47081K [0x0000000781100000, 0x0000000791280000, 0x00000007c0000000)
  eden space 206848K, 22% used [0x0000000781100000,0x0000000783efa610,0x000000078db00000)
  from space 21504K, 0% used [0x000000078f180000,0x000000078f180000,0x0000000790680000)
  to   space 23040K, 0% used [0x000000078db00000,0x000000078db00000,0x000000078f180000)
 ParOldGen       total 191488K, used 29998K [0x0000000703200000, 0x000000070ed00000, 0x0000000781100000)
  object space 191488K, 15% used [0x0000000703200000,0x0000000704f4bad0,0x000000070ed00000)
 Metaspace       used 57224K, capacity 60305K, committed 60504K, reserved 1101824K
  class space    used 7745K, capacity 8509K, committed 8576K, reserved 1048576K
GC Heap History (10 events):
Event: 14.385 GC heap before
{Heap before GC invocations=11 (full 2):
 PSYoungGen      total 165888K, used 159555K [0x0000000781100000, 0x000000078bf80000, 0x00000007c0000000)
  eden space 155136K, 100% used [0x0000000781100000,0x000000078a880000,0x000000078a880000)
  from space 10752K, 41% used [0x000000078b500000,0x000000078b950cd8,0x000000078bf80000)
  to   space 11776K, 0% used [0x000000078a880000,0x000000078a880000,0x000000078b400000)
 ParOldGen       total 130560K, used 12959K [0x0000000703200000, 0x000000070b180000, 0x0000000781100000)
  object space 130560K, 9% used [0x0000000703200000,0x0000000703ea7c98,0x000000070b180000)
 Metaspace       used 43449K, capacity 45856K, committed 45912K, reserved 1089536K
  class space    used 5858K, capacity 6499K, committed 6528K, reserved 1048576K
Event: 14.405 GC heap after
Heap after GC invocations=11 (full 2):
 PSYoungGen      total 166912K, used 11774K [0x0000000781100000, 0x000000078de00000, 0x00000007c0000000)
  eden space 155136K, 0% used [0x0000000781100000,0x0000000781100000,0x000000078a880000)
  from space 11776K, 99% used [0x000000078a880000,0x000000078b3ff950,0x000000078b400000)
  to   space 14336K, 0% used [0x000000078d000000,0x000000078d000000,0x000000078de00000)
 ParOldGen       total 130560K, used 14672K [0x0000000703200000, 0x000000070b180000, 0x0000000781100000)
  object space 130560K, 11% used [0x0000000703200000,0x0000000704054018,0x000000070b180000)
 Metaspace       used 43449K, capacity 45856K, committed 45912K, reserved 1089536K
  class space    used 5858K, capacity 6499K, committed 6528K, reserved 1048576K
}
Event: 15.813 GC heap before
{Heap before GC invocations=12 (full 2):
 PSYoungGen      total 166912K, used 166910K [0x0000000781100000, 0x000000078de00000, 0x00000007c0000000)
  eden space 155136K, 100% used [0x0000000781100000,0x000000078a880000,0x000000078a880000)
  from space 11776K, 99% used [0x000000078a880000,0x000000078b3ff950,0x000000078b400000)
  to   space 14336K, 0% used [0x000000078d000000,0x000000078d000000,0x000000078de00000)
 ParOldGen       total 130560K, used 14672K [0x0000000703200000, 0x000000070b180000, 0x0000000781100000)
  object space 130560K, 11% used [0x0000000703200000,0x0000000704054018,0x000000070b180000)
 Metaspace       used 48349K, capacity 51160K, committed 51416K, reserved 1093632K
  class space    used 6658K, capacity 7409K, committed 7424K, reserved 1048576K
Event: 15.838 GC heap after
Heap after GC invocations=12 (full 2):
 PSYoungGen      total 192000K, used 14333K [0x0000000781100000, 0x000000078e880000, 0x00000007c0000000)
  eden space 177664K, 0% used [0x0000000781100000,0x0000000781100000,0x000000078be80000)
  from space 14336K, 99% used [0x000000078d000000,0x000000078ddff500,0x000000078de00000)
  to   space 17920K, 0% used [0x000000078be80000,0x000000078be80000,0x000000078d000000)
 ParOldGen       total 130560K, used 18934K [0x0000000703200000, 0x000000070b180000, 0x0000000781100000)
  object space 130560K, 14% used [0x0000000703200000,0x000000070447d8d8,0x000000070b180000)
 Metaspace       used 48349K, capacity 51160K, committed 51416K, reserved 1093632K
  class space    used 6658K, capacity 7409K, committed 7424K, reserved 1048576K
}
Event: 21.379 GC heap before
{Heap before GC invocations=13 (full 2):
 PSYoungGen      total 192000K, used 191997K [0x0000000781100000, 0x000000078e880000, 0x00000007c0000000)
  eden space 177664K, 100% used [0x0000000781100000,0x000000078be80000,0x000000078be80000)
  from space 14336K, 99% used [0x000000078d000000,0x000000078ddff500,0x000000078de00000)
  to   space 17920K, 0% used [0x000000078be80000,0x000000078be80000,0x000000078d000000)
 ParOldGen       total 130560K, used 18934K [0x0000000703200000, 0x000000070b180000, 0x0000000781100000)
  object space 130560K, 14% used [0x0000000703200000,0x000000070447d8d8,0x000000070b180000)
 Metaspace       used 54812K, capacity 57886K, committed 58072K, reserved 1099776K
  class space    used 7376K, capacity 8161K, committed 8192K, reserved 1048576K
Event: 21.409 GC heap after
Heap after GC invocations=13 (full 2):
 PSYoungGen      total 195584K, used 17902K [0x0000000781100000, 0x0000000790680000, 0x00000007c0000000)
  eden space 177664K, 0% used [0x0000000781100000,0x0000000781100000,0x000000078be80000)
  from space 17920K, 99% used [0x000000078be80000,0x000000078cffb8d0,0x000000078d000000)
  to   space 21504K, 0% used [0x000000078f180000,0x000000078f180000,0x0000000790680000)
 ParOldGen       total 130560K, used 22454K [0x0000000703200000, 0x000000070b180000, 0x0000000781100000)
  object space 130560K, 17% used [0x0000000703200000,0x00000007047edb10,0x000000070b180000)
 Metaspace       used 54812K, capacity 57886K, committed 58072K, reserved 1099776K
  class space    used 7376K, capacity 8161K, committed 8192K, reserved 1048576K
}
Event: 22.588 GC heap before
{Heap before GC invocations=14 (full 2):
 PSYoungGen      total 195584K, used 188906K [0x0000000781100000, 0x0000000790680000, 0x00000007c0000000)
  eden space 177664K, 96% used [0x0000000781100000,0x000000078b7ff290,0x000000078be80000)
  from space 17920K, 99% used [0x000000078be80000,0x000000078cffb8d0,0x000000078d000000)
  to   space 21504K, 0% used [0x000000078f180000,0x000000078f180000,0x0000000790680000)
 ParOldGen       total 130560K, used 22454K [0x0000000703200000, 0x000000070b180000, 0x0000000781100000)
  object space 130560K, 17% used [0x0000000703200000,0x00000007047edb10,0x000000070b180000)
 Metaspace       used 55904K, capacity 58956K, committed 58968K, reserved 1099776K
  class space    used 7527K, capacity 8310K, committed 8320K, reserved 1048576K
Event: 22.625 GC heap after
Heap after GC invocations=14 (full 2):
 PSYoungGen      total 228352K, used 16573K [0x0000000781100000, 0x0000000791280000, 0x00000007c0000000)
  eden space 206848K, 0% used [0x0000000781100000,0x0000000781100000,0x000000078db00000)
  from space 21504K, 77% used [0x000000078f180000,0x00000007901af700,0x0000000790680000)
  to   space 23040K, 0% used [0x000000078db00000,0x000000078db00000,0x000000078f180000)
 ParOldGen       total 130560K, used 26198K [0x0000000703200000, 0x000000070b180000, 0x0000000781100000)
  object space 130560K, 20% used [0x0000000703200000,0x0000000704b95b30,0x000000070b180000)
 Metaspace       used 55904K, capacity 58956K, committed 58968K, reserved 1099776K
  class space    used 7527K, capacity 8310K, committed 8320K, reserved 1048576K
}
Event: 22.625 GC heap before
{Heap before GC invocations=15 (full 3):
 PSYoungGen      total 228352K, used 16573K [0x0000000781100000, 0x0000000791280000, 0x00000007c0000000)
  eden space 206848K, 0% used [0x0000000781100000,0x0000000781100000,0x000000078db00000)
  from space 21504K, 77% used [0x000000078f180000,0x00000007901af700,0x0000000790680000)
  to   space 23040K, 0% used [0x000000078db00000,0x000000078db00000,0x000000078f180000)
 ParOldGen       total 130560K, used 26198K [0x0000000703200000, 0x000000070b180000, 0x0000000781100000)
  object space 130560K, 20% used [0x0000000703200000,0x0000000704b95b30,0x000000070b180000)
 Metaspace       used 55904K, capacity 58956K, committed 58968K, reserved 1099776K
  class space    used 7527K, capacity 8310K, committed 8320K, reserved 1048576K
Event: 22.897 GC heap after
Heap after GC invocations=15 (full 3):
 PSYoungGen      total 228352K, used 0K [0x0000000781100000, 0x0000000791280000, 0x00000007c0000000)
  eden space 206848K, 0% used [0x0000000781100000,0x0000000781100000,0x000000078db00000)
  from space 21504K, 0% used [0x000000078f180000,0x000000078f180000,0x0000000790680000)
  to   space 23040K, 0% used [0x000000078db00000,0x000000078db00000,0x000000078f180000)
 ParOldGen       total 191488K, used 29998K [0x0000000703200000, 0x000000070ed00000, 0x0000000781100000)
  object space 191488K, 15% used [0x0000000703200000,0x0000000704f4bad0,0x000000070ed00000)
 Metaspace       used 55855K, capacity 58850K, committed 58968K, reserved 1099776K
  class space    used 7515K, capacity 8285K, committed 8320K, reserved 1048576K
}

