# JRE version: Java(TM) SE Runtime Environment (21.0.2+13) (build 21.0.2+13-LTS-58)
# Java VM: Java HotSpot(TM) 64-Bit Server VM (21.0.2+13-LTS-58, mixed mode, sharing, tiered, compressed oops, compressed class ptrs, g1 gc, windows-amd64)
GC Precious Log:
 CardTable entry size: 512
 Card Set container configuration: InlinePtr #cards 4 size 8 Array Of Cards #cards 16 size 48 Howl #buckets 8 coarsen threshold 3686 Howl Bitmap #cards 512 size 80 coarsen threshold 460 Card regions per heap region 1 cards per card region 4096
 CPUs: 4 total, 4 available
 Memory: 12085M
 Large Page Support: Disabled
 NUMA Support: Disabled
 Compressed Oops: Enabled (Zero based)
 Heap Region Size: 2M
 Heap Min Capacity: 8M
 Heap Initial Capacity: 190M
 Heap Max Capacity: 3022M
 Pre-touch: Disabled
 Parallel Workers: 4
 Concurrent Workers: 1
 Concurrent Refinement Workers: 4
 Periodic GC: Disabled
Heap:
 garbage-first heap   total 118784K, used 91239K [0x0000000743200000, 0x0000000800000000)
  region size 2048K, 20 young (40960K), 3 survivors (6144K)
 Metaspace       used 37272K, committed 37760K, reserved 1114112K
  class space    used 4197K, committed 4416K, reserved 1048576K
GC Heap History (20 events):
Event: 8.778 GC heap before
{Heap before GC invocations=2 (full 0):
 garbage-first heap   total 194560K, used 34798K [0x0000000743200000, 0x0000000800000000)
  region size 2048K, 17 young (34816K), 1 survivors (2048K)
 Metaspace       used 11333K, committed 11520K, reserved 1114112K
  class space    used 1340K, committed 1408K, reserved 1048576K
}
Event: 8.787 GC heap after
{Heap after GC invocations=3 (full 0):
 garbage-first heap   total 194560K, used 5957K [0x0000000743200000, 0x0000000800000000)
  region size 2048K, 2 young (4096K), 2 survivors (4096K)
 Metaspace       used 11333K, committed 11520K, reserved 1114112K
  class space    used 1340K, committed 1408K, reserved 1048576K
}
Event: 14.280 GC heap before
{Heap before GC invocations=3 (full 0):
 garbage-first heap   total 194560K, used 118597K [0x0000000743200000, 0x0000000800000000)
  region size 2048K, 57 young (116736K), 2 survivors (4096K)
 Metaspace       used 16847K, committed 17152K, reserved 1114112K
  class space    used 1876K, committed 1984K, reserved 1048576K
}
Event: 14.309 GC heap after
{Heap after GC invocations=4 (full 0):
 garbage-first heap   total 194560K, used 14233K [0x0000000743200000, 0x0000000800000000)
  region size 2048K, 6 young (12288K), 6 survivors (12288K)
 Metaspace       used 16847K, committed 17152K, reserved 1114112K
  class space    used 1876K, committed 1984K, reserved 1048576K
}
Event: 19.098 GC heap before
{Heap before GC invocations=4 (full 0):
 garbage-first heap   total 194560K, used 108441K [0x0000000743200000, 0x0000000800000000)
  region size 2048K, 54 young (110592K), 6 survivors (12288K)
 Metaspace       used 21152K, committed 21504K, reserved 1114112K
  class space    used 2374K, committed 2560K, reserved 1048576K
}
Event: 19.127 GC heap after
{Heap after GC invocations=5 (full 0):
 garbage-first heap   total 194560K, used 18577K [0x0000000743200000, 0x0000000800000000)
  region size 2048K, 7 young (14336K), 7 survivors (14336K)
 Metaspace       used 21152K, committed 21504K, reserved 1114112K
  class space    used 2374K, committed 2560K, reserved 1048576K
}
Event: 20.603 GC heap before
{Heap before GC invocations=6 (full 0):
 garbage-first heap   total 75776K, used 49297K [0x0000000743200000, 0x0000000800000000)
  region size 2048K, 22 young (45056K), 7 survivors (14336K)
 Metaspace       used 26172K, committed 26624K, reserved 1114112K
  class space    used 2904K, committed 3136K, reserved 1048576K
}
Event: 20.647 GC heap after
{Heap after GC invocations=7 (full 0):
 garbage-first heap   total 81920K, used 35482K [0x0000000743200000, 0x0000000800000000)
  region size 2048K, 3 young (6144K), 3 survivors (6144K)
 Metaspace       used 26172K, committed 26624K, reserved 1114112K
  class space    used 2904K, committed 3136K, reserved 1048576K
}
Event: 21.648 GC heap before
{Heap before GC invocations=7 (full 0):
 garbage-first heap   total 81920K, used 60058K [0x0000000743200000, 0x0000000800000000)
  region size 2048K, 15 young (30720K), 3 survivors (6144K)
 Metaspace       used 26234K, committed 26624K, reserved 1114112K
  class space    used 2905K, committed 3136K, reserved 1048576K
}
Event: 21.661 GC heap after
{Heap after GC invocations=8 (full 0):
 garbage-first heap   total 81920K, used 42753K [0x0000000743200000, 0x0000000800000000)
  region size 2048K, 2 young (4096K), 2 survivors (4096K)
 Metaspace       used 26234K, committed 26624K, reserved 1114112K
  class space    used 2905K, committed 3136K, reserved 1048576K
}
Event: 22.209 GC heap before
{Heap before GC invocations=8 (full 0):
 garbage-first heap   total 81920K, used 63233K [0x0000000743200000, 0x0000000800000000)
  region size 2048K, 12 young (24576K), 2 survivors (4096K)
 Metaspace       used 26428K, committed 26816K, reserved 1114112K
  class space    used 2932K, committed 3136K, reserved 1048576K
}
Event: 22.224 GC heap after
{Heap after GC invocations=9 (full 0):
 garbage-first heap   total 81920K, used 49798K [0x0000000743200000, 0x0000000800000000)
  region size 2048K, 2 young (4096K), 2 survivors (4096K)
 Metaspace       used 26428K, committed 26816K, reserved 1114112K
  class space    used 2932K, committed 3136K, reserved 1048576K
}
Event: 23.335 GC heap before
{Heap before GC invocations=10 (full 0):
 garbage-first heap   total 92160K, used 66182K [0x0000000743200000, 0x0000000800000000)
  region size 2048K, 10 young (20480K), 2 survivors (4096K)
 Metaspace       used 27691K, committed 28032K, reserved 1114112K
  class space    used 3079K, committed 3264K, reserved 1048576K
}
Event: 23.351 GC heap after
{Heap after GC invocations=11 (full 0):
 garbage-first heap   total 92160K, used 52297K [0x0000000743200000, 0x0000000800000000)
  region size 2048K, 1 young (2048K), 1 survivors (2048K)
 Metaspace       used 27691K, committed 28032K, reserved 1114112K
  class space    used 3079K, committed 3264K, reserved 1048576K
}
Event: 24.400 GC heap before
{Heap before GC invocations=11 (full 0):
 garbage-first heap   total 92160K, used 72777K [0x0000000743200000, 0x0000000800000000)
  region size 2048K, 12 young (24576K), 1 survivors (2048K)
 Metaspace       used 28893K, committed 29312K, reserved 1114112K
  class space    used 3201K, committed 3392K, reserved 1048576K
}
Event: 24.414 GC heap after
{Heap after GC invocations=12 (full 0):
 garbage-first heap   total 110592K, used 53229K [0x0000000743200000, 0x0000000800000000)
  region size 2048K, 2 young (4096K), 2 survivors (4096K)
 Metaspace       used 28893K, committed 29312K, reserved 1114112K
  class space    used 3201K, committed 3392K, reserved 1048576K
}
Event: 26.033 GC heap before
{Heap before GC invocations=12 (full 0):
 garbage-first heap   total 110592K, used 83949K [0x0000000743200000, 0x0000000800000000)
  region size 2048K, 18 young (36864K), 2 survivors (4096K)
 Metaspace       used 31289K, committed 31680K, reserved 1114112K
  class space    used 3499K, committed 3648K, reserved 1048576K
}
Event: 26.055 GC heap after
{Heap after GC invocations=13 (full 0):
 garbage-first heap   total 110592K, used 56002K [0x0000000743200000, 0x0000000800000000)
  region size 2048K, 3 young (6144K), 3 survivors (6144K)
 Metaspace       used 31289K, committed 31680K, reserved 1114112K
  class space    used 3499K, committed 3648K, reserved 1048576K
}
Event: 28.129 GC heap before
{Heap before GC invocations=14 (full 0):
 garbage-first heap   total 110592K, used 109250K [0x0000000743200000, 0x0000000800000000)
  region size 2048K, 17 young (34816K), 3 survivors (6144K)
 Metaspace       used 34333K, committed 34880K, reserved 1114112K
  class space    used 3882K, committed 4096K, reserved 1048576K
}
Event: 28.157 GC heap after
{Heap after GC invocations=15 (full 0):
 garbage-first heap   total 118784K, used 58471K [0x0000000743200000, 0x0000000800000000)
  region size 2048K, 3 young (6144K), 3 survivors (6144K)
 Metaspace       used 34333K, committed 34880K, reserved 1114112K
  class space    used 3882K, committed 4096K, reserved 1048576K
}

