# JRE version: Java(TM) SE Runtime Environment (8.0_411) (build 1.8.0_411-b09)
# Java VM: Java HotSpot(TM) 64-Bit Server VM (25.411-b09 mixed mode windows-amd64 compressed oops)
Heap:
 PSYoungGen      total 184320K, used 46328K [0x0000000781100000, 0x000000078de80000, 0x00000007c0000000)
  eden space 161792K, 25% used [0x0000000781100000,0x000000078392a9c8,0x000000078af00000)
  from space 22528K, 23% used [0x000000078af00000,0x000000078b413948,0x000000078c500000)
  to   space 20480K, 0% used [0x000000078c500000,0x000000078c500000,0x000000078d900000)
 ParOldGen       total 139776K, used 27655K [0x0000000703200000, 0x000000070ba80000, 0x0000000781100000)
  object space 139776K, 19% used [0x0000000703200000,0x0000000704d01d68,0x000000070ba80000)
 Metaspace       used 57660K, capacity 60703K, committed 61076K, reserved 1101824K
  class space    used 7787K, capacity 8576K, committed 8636K, reserved 1048576K
GC Heap History (10 events):
Event: 19.990 GC heap before
{Heap before GC invocations=12 (full 2):
 PSYoungGen      total 152064K, used 151606K [0x0000000781100000, 0x000000078c200000, 0x00000007c0000000)
  eden space 139776K, 100% used [0x0000000781100000,0x0000000789980000,0x0000000789980000)
  from space 12288K, 96% used [0x0000000789980000,0x000000078a50db98,0x000000078a580000)
  to   space 13824K, 0% used [0x000000078b480000,0x000000078b480000,0x000000078c200000)
 ParOldGen       total 139776K, used 12957K [0x0000000703200000, 0x000000070ba80000, 0x0000000781100000)
  object space 139776K, 9% used [0x0000000703200000,0x0000000703ea7448,0x000000070ba80000)
 Metaspace       used 47024K, capacity 49788K, committed 50008K, reserved 1091584K
  class space    used 6496K, capacity 7257K, committed 7296K, reserved 1048576K
Event: 20.019 GC heap after
Heap after GC invocations=12 (full 2):
 PSYoungGen      total 164864K, used 13815K [0x0000000781100000, 0x000000078c580000, 0x00000007c0000000)
  eden space 151040K, 0% used [0x0000000781100000,0x0000000781100000,0x000000078a480000)
  from space 13824K, 99% used [0x000000078b480000,0x000000078c1fdc88,0x000000078c200000)
  to   space 16384K, 0% used [0x000000078a480000,0x000000078a480000,0x000000078b480000)
 ParOldGen       total 139776K, used 14838K [0x0000000703200000, 0x000000070ba80000, 0x0000000781100000)
  object space 139776K, 10% used [0x0000000703200000,0x000000070407dab0,0x000000070ba80000)
 Metaspace       used 47024K, capacity 49788K, committed 50008K, reserved 1091584K
  class space    used 6496K, capacity 7257K, committed 7296K, reserved 1048576K
}
Event: 24.581 GC heap before
{Heap before GC invocations=13 (full 2):
 PSYoungGen      total 164864K, used 164855K [0x0000000781100000, 0x000000078c580000, 0x00000007c0000000)
  eden space 151040K, 100% used [0x0000000781100000,0x000000078a480000,0x000000078a480000)
  from space 13824K, 99% used [0x000000078b480000,0x000000078c1fdc88,0x000000078c200000)
  to   space 16384K, 0% used [0x000000078a480000,0x000000078a480000,0x000000078b480000)
 ParOldGen       total 139776K, used 14838K [0x0000000703200000, 0x000000070ba80000, 0x0000000781100000)
  object space 139776K, 10% used [0x0000000703200000,0x000000070407dab0,0x000000070ba80000)
 Metaspace       used 53162K, capacity 56138K, committed 56408K, reserved 1097728K
  class space    used 7190K, capacity 7961K, committed 8064K, reserved 1048576K
Event: 24.614 GC heap after
Heap after GC invocations=13 (full 2):
 PSYoungGen      total 167424K, used 16369K [0x0000000781100000, 0x000000078d900000, 0x00000007c0000000)
  eden space 151040K, 0% used [0x0000000781100000,0x0000000781100000,0x000000078a480000)
  from space 16384K, 99% used [0x000000078a480000,0x000000078b47c678,0x000000078b480000)
  to   space 20480K, 0% used [0x000000078c500000,0x000000078c500000,0x000000078d900000)
 ParOldGen       total 139776K, used 18764K [0x0000000703200000, 0x000000070ba80000, 0x0000000781100000)
  object space 139776K, 13% used [0x0000000703200000,0x00000007044532d8,0x000000070ba80000)
 Metaspace       used 53162K, capacity 56138K, committed 56408K, reserved 1097728K
  class space    used 7190K, capacity 7961K, committed 8064K, reserved 1048576K
}
Event: 26.468 GC heap before
{Heap before GC invocations=14 (full 2):
 PSYoungGen      total 167424K, used 89438K [0x0000000781100000, 0x000000078d900000, 0x00000007c0000000)
  eden space 151040K, 48% used [0x0000000781100000,0x000000078585b4b0,0x000000078a480000)
  from space 16384K, 99% used [0x000000078a480000,0x000000078b47c678,0x000000078b480000)
  to   space 20480K, 0% used [0x000000078c500000,0x000000078c500000,0x000000078d900000)
 ParOldGen       total 139776K, used 18764K [0x0000000703200000, 0x000000070ba80000, 0x0000000781100000)
  object space 139776K, 13% used [0x0000000703200000,0x00000007044532d8,0x000000070ba80000)
 Metaspace       used 55842K, capacity 58938K, committed 59028K, reserved 1099776K
  class space    used 7534K, capacity 8321K, committed 8380K, reserved 1048576K
Event: 26.495 GC heap after
Heap after GC invocations=14 (full 2):
 PSYoungGen      total 182272K, used 17242K [0x0000000781100000, 0x000000078de80000, 0x00000007c0000000)
  eden space 161792K, 0% used [0x0000000781100000,0x0000000781100000,0x000000078af00000)
  from space 20480K, 84% used [0x000000078c500000,0x000000078d5d6968,0x000000078d900000)
  to   space 22528K, 0% used [0x000000078af00000,0x000000078af00000,0x000000078c500000)
 ParOldGen       total 139776K, used 18772K [0x0000000703200000, 0x000000070ba80000, 0x0000000781100000)
  object space 139776K, 13% used [0x0000000703200000,0x00000007044552d8,0x000000070ba80000)
 Metaspace       used 55842K, capacity 58938K, committed 59028K, reserved 1099776K
  class space    used 7534K, capacity 8321K, committed 8380K, reserved 1048576K
}
Event: 26.495 GC heap before
{Heap before GC invocations=15 (full 3):
 PSYoungGen      total 182272K, used 17242K [0x0000000781100000, 0x000000078de80000, 0x00000007c0000000)
  eden space 161792K, 0% used [0x0000000781100000,0x0000000781100000,0x000000078af00000)
  from space 20480K, 84% used [0x000000078c500000,0x000000078d5d6968,0x000000078d900000)
  to   space 22528K, 0% used [0x000000078af00000,0x000000078af00000,0x000000078c500000)
 ParOldGen       total 139776K, used 18772K [0x0000000703200000, 0x000000070ba80000, 0x0000000781100000)
  object space 139776K, 13% used [0x0000000703200000,0x00000007044552d8,0x000000070ba80000)
 Metaspace       used 55842K, capacity 58938K, committed 59028K, reserved 1099776K
  class space    used 7534K, capacity 8321K, committed 8380K, reserved 1048576K
Event: 26.752 GC heap after
Heap after GC invocations=15 (full 3):
 PSYoungGen      total 182272K, used 0K [0x0000000781100000, 0x000000078de80000, 0x00000007c0000000)
  eden space 161792K, 0% used [0x0000000781100000,0x0000000781100000,0x000000078af00000)
  from space 20480K, 0% used [0x000000078c500000,0x000000078c500000,0x000000078d900000)
  to   space 22528K, 0% used [0x000000078af00000,0x000000078af00000,0x000000078c500000)
 ParOldGen       total 139776K, used 27647K [0x0000000703200000, 0x000000070ba80000, 0x0000000781100000)
  object space 139776K, 19% used [0x0000000703200000,0x0000000704cffd68,0x000000070ba80000)
 Metaspace       used 55775K, capacity 58794K, committed 59028K, reserved 1099776K
  class space    used 7515K, capacity 8285K, committed 8380K, reserved 1048576K
}
Event: 27.779 GC heap before
{Heap before GC invocations=16 (full 3):
 PSYoungGen      total 182272K, used 161792K [0x0000000781100000, 0x000000078de80000, 0x00000007c0000000)
  eden space 161792K, 100% used [0x0000000781100000,0x000000078af00000,0x000000078af00000)
  from space 20480K, 0% used [0x000000078c500000,0x000000078c500000,0x000000078d900000)
  to   space 22528K, 0% used [0x000000078af00000,0x000000078af00000,0x000000078c500000)
 ParOldGen       total 139776K, used 27647K [0x0000000703200000, 0x000000070ba80000, 0x0000000781100000)
  object space 139776K, 19% used [0x0000000703200000,0x0000000704cffd68,0x000000070ba80000)
 Metaspace       used 55808K, capacity 58858K, committed 59284K, reserved 1099776K
  class space    used 7516K, capacity 8285K, committed 8380K, reserved 1048576K
Event: 27.784 GC heap after
Heap after GC invocations=16 (full 3):
 PSYoungGen      total 184320K, used 5198K [0x0000000781100000, 0x000000078de80000, 0x00000007c0000000)
  eden space 161792K, 0% used [0x0000000781100000,0x0000000781100000,0x000000078af00000)
  from space 22528K, 23% used [0x000000078af00000,0x000000078b413948,0x000000078c500000)
  to   space 20480K, 0% used [0x000000078c500000,0x000000078c500000,0x000000078d900000)
 ParOldGen       total 139776K, used 27655K [0x0000000703200000, 0x000000070ba80000, 0x0000000781100000)
  object space 139776K, 19% used [0x0000000703200000,0x0000000704d01d68,0x000000070ba80000)
 Metaspace       used 55808K, capacity 58858K, committed 59284K, reserved 1099776K
  class space    used 7516K, capacity 8285K, committed 8380K, reserved 1048576K
}

