# JRE version: Java(TM) SE Runtime Environment (8.0_411) (build 1.8.0_411-b09)
# Java VM: Java HotSpot(TM) 64-Bit Server VM (25.411-b09 mixed mode windows-amd64 compressed oops)
Heap:
 PSYoungGen      total 56832K, used 49543K [0x0000000781100000, 0x0000000786600000, 0x00000007c0000000)
  eden space 49152K, 92% used [0x0000000781100000,0x0000000783d8c9f8,0x0000000784100000)
  from space 7680K, 51% used [0x0000000784880000,0x0000000784c555b0,0x0000000785000000)
  to   space 7680K, 0% used [0x0000000784100000,0x0000000784100000,0x0000000784880000)
 ParOldGen       total 84992K, used 7432K [0x0000000703200000, 0x0000000708500000, 0x0000000781100000)
  object space 84992K, 8% used [0x0000000703200000,0x0000000703942320,0x0000000708500000)
 Metaspace       used 27776K, capacity 28930K, committed 29184K, reserved 1075200K
  class space    used 3738K, capacity 4005K, committed 4096K, reserved 1048576K
GC Heap History (10 events):
Event: 3.147 GC heap before
{Heap before GC invocations=1 (full 0):
 PSYoungGen      total 56832K, used 49152K [0x0000000781100000, 0x0000000785000000, 0x00000007c0000000)
  eden space 49152K, 100% used [0x0000000781100000,0x0000000784100000,0x0000000784100000)
  from space 7680K, 0% used [0x0000000784880000,0x0000000784880000,0x0000000785000000)
  to   space 7680K, 0% used [0x0000000784100000,0x0000000784100000,0x0000000784880000)
 ParOldGen       total 130048K, used 0K [0x0000000703200000, 0x000000070b100000, 0x0000000781100000)
  object space 130048K, 0% used [0x0000000703200000,0x0000000703200000,0x000000070b100000)
 Metaspace       used 9720K, capacity 10008K, committed 10368K, reserved 1058816K
  class space    used 1199K, capacity 1302K, committed 1408K, reserved 1048576K
Event: 3.166 GC heap after
Heap after GC invocations=1 (full 0):
 PSYoungGen      total 56832K, used 5489K [0x0000000781100000, 0x0000000785000000, 0x00000007c0000000)
  eden space 49152K, 0% used [0x0000000781100000,0x0000000781100000,0x0000000784100000)
  from space 7680K, 71% used [0x0000000784100000,0x000000078465c720,0x0000000784880000)
  to   space 7680K, 0% used [0x0000000784880000,0x0000000784880000,0x0000000785000000)
 ParOldGen       total 130048K, used 72K [0x0000000703200000, 0x000000070b100000, 0x0000000781100000)
  object space 130048K, 0% used [0x0000000703200000,0x0000000703212010,0x000000070b100000)
 Metaspace       used 9720K, capacity 10008K, committed 10368K, reserved 1058816K
  class space    used 1199K, capacity 1302K, committed 1408K, reserved 1048576K
}
Event: 5.359 GC heap before
{Heap before GC invocations=2 (full 0):
 PSYoungGen      total 56832K, used 54641K [0x0000000781100000, 0x0000000785000000, 0x00000007c0000000)
  eden space 49152K, 100% used [0x0000000781100000,0x0000000784100000,0x0000000784100000)
  from space 7680K, 71% used [0x0000000784100000,0x000000078465c720,0x0000000784880000)
  to   space 7680K, 0% used [0x0000000784880000,0x0000000784880000,0x0000000785000000)
 ParOldGen       total 130048K, used 72K [0x0000000703200000, 0x000000070b100000, 0x0000000781100000)
  object space 130048K, 0% used [0x0000000703200000,0x0000000703212010,0x000000070b100000)
 Metaspace       used 17321K, capacity 17816K, committed 17920K, reserved 1064960K
  class space    used 2127K, capacity 2268K, committed 2304K, reserved 1048576K
Event: 5.379 GC heap after
Heap after GC invocations=2 (full 0):
 PSYoungGen      total 56832K, used 7666K [0x0000000781100000, 0x0000000785000000, 0x00000007c0000000)
  eden space 49152K, 0% used [0x0000000781100000,0x0000000781100000,0x0000000784100000)
  from space 7680K, 99% used [0x0000000784880000,0x0000000784ffcab0,0x0000000785000000)
  to   space 7680K, 0% used [0x0000000784100000,0x0000000784100000,0x0000000784880000)
 ParOldGen       total 130048K, used 2285K [0x0000000703200000, 0x000000070b100000, 0x0000000781100000)
  object space 130048K, 1% used [0x0000000703200000,0x000000070343b5c0,0x000000070b100000)
 Metaspace       used 17321K, capacity 17816K, committed 17920K, reserved 1064960K
  class space    used 2127K, capacity 2268K, committed 2304K, reserved 1048576K
}
Event: 6.137 GC heap before
{Heap before GC invocations=3 (full 0):
 PSYoungGen      total 56832K, used 32863K [0x0000000781100000, 0x0000000785000000, 0x00000007c0000000)
  eden space 49152K, 51% used [0x0000000781100000,0x000000078299b158,0x0000000784100000)
  from space 7680K, 99% used [0x0000000784880000,0x0000000784ffcab0,0x0000000785000000)
  to   space 7680K, 0% used [0x0000000784100000,0x0000000784100000,0x0000000784880000)
 ParOldGen       total 130048K, used 2285K [0x0000000703200000, 0x000000070b100000, 0x0000000781100000)
  object space 130048K, 1% used [0x0000000703200000,0x000000070343b5c0,0x000000070b100000)
 Metaspace       used 20534K, capacity 21216K, committed 21296K, reserved 1069056K
  class space    used 2511K, capacity 2680K, committed 2688K, reserved 1048576K
Event: 6.151 GC heap after
Heap after GC invocations=3 (full 0):
 PSYoungGen      total 56832K, used 7539K [0x0000000781100000, 0x0000000785000000, 0x00000007c0000000)
  eden space 49152K, 0% used [0x0000000781100000,0x0000000781100000,0x0000000784100000)
  from space 7680K, 98% used [0x0000000784100000,0x000000078485cc40,0x0000000784880000)
  to   space 7680K, 0% used [0x0000000784880000,0x0000000784880000,0x0000000785000000)
 ParOldGen       total 130048K, used 2293K [0x0000000703200000, 0x000000070b100000, 0x0000000781100000)
  object space 130048K, 1% used [0x0000000703200000,0x000000070343d5c0,0x000000070b100000)
 Metaspace       used 20534K, capacity 21216K, committed 21296K, reserved 1069056K
  class space    used 2511K, capacity 2680K, committed 2688K, reserved 1048576K
}
Event: 6.152 GC heap before
{Heap before GC invocations=4 (full 1):
 PSYoungGen      total 56832K, used 7539K [0x0000000781100000, 0x0000000785000000, 0x00000007c0000000)
  eden space 49152K, 0% used [0x0000000781100000,0x0000000781100000,0x0000000784100000)
  from space 7680K, 98% used [0x0000000784100000,0x000000078485cc40,0x0000000784880000)
  to   space 7680K, 0% used [0x0000000784880000,0x0000000784880000,0x0000000785000000)
 ParOldGen       total 130048K, used 2293K [0x0000000703200000, 0x000000070b100000, 0x0000000781100000)
  object space 130048K, 1% used [0x0000000703200000,0x000000070343d5c0,0x000000070b100000)
 Metaspace       used 20534K, capacity 21216K, committed 21296K, reserved 1069056K
  class space    used 2511K, capacity 2680K, committed 2688K, reserved 1048576K
Event: 6.225 GC heap after
Heap after GC invocations=4 (full 1):
 PSYoungGen      total 56832K, used 0K [0x0000000781100000, 0x0000000785000000, 0x00000007c0000000)
  eden space 49152K, 0% used [0x0000000781100000,0x0000000781100000,0x0000000784100000)
  from space 7680K, 0% used [0x0000000784100000,0x0000000784100000,0x0000000784880000)
  to   space 7680K, 0% used [0x0000000784880000,0x0000000784880000,0x0000000785000000)
 ParOldGen       total 84992K, used 7424K [0x0000000703200000, 0x0000000708500000, 0x0000000781100000)
  object space 84992K, 8% used [0x0000000703200000,0x0000000703940320,0x0000000708500000)
 Metaspace       used 20534K, capacity 21216K, committed 21296K, reserved 1069056K
  class space    used 2511K, capacity 2680K, committed 2688K, reserved 1048576K
}
Event: 7.663 GC heap before
{Heap before GC invocations=5 (full 1):
 PSYoungGen      total 56832K, used 49152K [0x0000000781100000, 0x0000000785000000, 0x00000007c0000000)
  eden space 49152K, 100% used [0x0000000781100000,0x0000000784100000,0x0000000784100000)
  from space 7680K, 0% used [0x0000000784100000,0x0000000784100000,0x0000000784880000)
  to   space 7680K, 0% used [0x0000000784880000,0x0000000784880000,0x0000000785000000)
 ParOldGen       total 84992K, used 7424K [0x0000000703200000, 0x0000000708500000, 0x0000000781100000)
  object space 84992K, 8% used [0x0000000703200000,0x0000000703940320,0x0000000708500000)
 Metaspace       used 24415K, capacity 25500K, committed 25728K, reserved 1071104K
  class space    used 3093K, capacity 3342K, committed 3456K, reserved 1048576K
Event: 7.673 GC heap after
Heap after GC invocations=5 (full 1):
 PSYoungGen      total 56832K, used 3925K [0x0000000781100000, 0x0000000786600000, 0x00000007c0000000)
  eden space 49152K, 0% used [0x0000000781100000,0x0000000781100000,0x0000000784100000)
  from space 7680K, 51% used [0x0000000784880000,0x0000000784c555b0,0x0000000785000000)
  to   space 7680K, 0% used [0x0000000784100000,0x0000000784100000,0x0000000784880000)
 ParOldGen       total 84992K, used 7432K [0x0000000703200000, 0x0000000708500000, 0x0000000781100000)
  object space 84992K, 8% used [0x0000000703200000,0x0000000703942320,0x0000000708500000)
 Metaspace       used 24415K, capacity 25500K, committed 25728K, reserved 1071104K
  class space    used 3093K, capacity 3342K, committed 3456K, reserved 1048576K
}

