# JRE version: Java(TM) SE Runtime Environment (8.0_411) (build 1.8.0_411-b09)
# Java VM: Java HotSpot(TM) 64-Bit Server VM (25.411-b09 mixed mode windows-amd64 compressed oops)
Heap:
 PSYoungGen      total 131584K, used 79043K [0x0000000781100000, 0x000000078e080000, 0x00000007c0000000)
  eden space 121856K, 59% used [0x0000000781100000,0x000000078580bc68,0x0000000788800000)
  from space 9728K, 64% used [0x0000000788800000,0x0000000788e25098,0x0000000789180000)
  to   space 9728K, 0% used [0x000000078d700000,0x000000078d700000,0x000000078e080000)
 ParOldGen       total 76800K, used 6142K [0x0000000703200000, 0x0000000707d00000, 0x0000000781100000)
  object space 76800K, 7% used [0x0000000703200000,0x00000007037ff8e8,0x0000000707d00000)
 Metaspace       used 33017K, capacity 34730K, committed 35072K, reserved 1079296K
  class space    used 4379K, capacity 4758K, committed 4864K, reserved 1048576K
GC Heap History (10 events):
Event: 5.635 GC heap before
{Heap before GC invocations=4 (full 1):
 PSYoungGen      total 56832K, used 6298K [0x0000000781100000, 0x0000000788000000, 0x00000007c0000000)
  eden space 49152K, 0% used [0x0000000781100000,0x0000000781100000,0x0000000784100000)
  from space 7680K, 82% used [0x0000000784100000,0x0000000784726af0,0x0000000784880000)
  to   space 7680K, 0% used [0x0000000787880000,0x0000000787880000,0x0000000788000000)
 ParOldGen       total 130048K, used 1782K [0x0000000703200000, 0x000000070b100000, 0x0000000781100000)
  object space 130048K, 1% used [0x0000000703200000,0x00000007033bdac8,0x000000070b100000)
 Metaspace       used 20230K, capacity 21090K, committed 21248K, reserved 1067008K
  class space    used 2498K, capacity 2721K, committed 2816K, reserved 1048576K
Event: 5.686 GC heap after
Heap after GC invocations=4 (full 1):
 PSYoungGen      total 56832K, used 0K [0x0000000781100000, 0x0000000788000000, 0x00000007c0000000)
  eden space 49152K, 0% used [0x0000000781100000,0x0000000781100000,0x0000000784100000)
  from space 7680K, 0% used [0x0000000784100000,0x0000000784100000,0x0000000784880000)
  to   space 7680K, 0% used [0x0000000787880000,0x0000000787880000,0x0000000788000000)
 ParOldGen       total 76800K, used 6110K [0x0000000703200000, 0x0000000707d00000, 0x0000000781100000)
  object space 76800K, 7% used [0x0000000703200000,0x00000007037f78e8,0x0000000707d00000)
 Metaspace       used 20230K, capacity 21090K, committed 21248K, reserved 1067008K
  class space    used 2498K, capacity 2721K, committed 2816K, reserved 1048576K
}
Event: 6.821 GC heap before
{Heap before GC invocations=5 (full 1):
 PSYoungGen      total 56832K, used 49152K [0x0000000781100000, 0x0000000788000000, 0x00000007c0000000)
  eden space 49152K, 100% used [0x0000000781100000,0x0000000784100000,0x0000000784100000)
  from space 7680K, 0% used [0x0000000784100000,0x0000000784100000,0x0000000784880000)
  to   space 7680K, 0% used [0x0000000787880000,0x0000000787880000,0x0000000788000000)
 ParOldGen       total 76800K, used 6110K [0x0000000703200000, 0x0000000707d00000, 0x0000000781100000)
  object space 76800K, 7% used [0x0000000703200000,0x00000007037f78e8,0x0000000707d00000)
 Metaspace       used 24203K, capacity 25138K, committed 25472K, reserved 1071104K
  class space    used 3209K, capacity 3445K, committed 3456K, reserved 1048576K
Event: 6.829 GC heap after
Heap after GC invocations=5 (full 1):
 PSYoungGen      total 82432K, used 4504K [0x0000000781100000, 0x0000000787d00000, 0x00000007c0000000)
  eden space 77824K, 0% used [0x0000000781100000,0x0000000781100000,0x0000000785d00000)
  from space 4608K, 97% used [0x0000000787880000,0x0000000787ce62c0,0x0000000787d00000)
  to   space 7680K, 0% used [0x0000000786e00000,0x0000000786e00000,0x0000000787580000)
 ParOldGen       total 76800K, used 6118K [0x0000000703200000, 0x0000000707d00000, 0x0000000781100000)
  object space 76800K, 7% used [0x0000000703200000,0x00000007037f98e8,0x0000000707d00000)
 Metaspace       used 24203K, capacity 25138K, committed 25472K, reserved 1071104K
  class space    used 3209K, capacity 3445K, committed 3456K, reserved 1048576K
}
Event: 8.260 GC heap before
{Heap before GC invocations=6 (full 1):
 PSYoungGen      total 82432K, used 82328K [0x0000000781100000, 0x0000000787d00000, 0x00000007c0000000)
  eden space 77824K, 100% used [0x0000000781100000,0x0000000785d00000,0x0000000785d00000)
  from space 4608K, 97% used [0x0000000787880000,0x0000000787ce62c0,0x0000000787d00000)
  to   space 7680K, 0% used [0x0000000786e00000,0x0000000786e00000,0x0000000787580000)
 ParOldGen       total 76800K, used 6118K [0x0000000703200000, 0x0000000707d00000, 0x0000000781100000)
  object space 76800K, 7% used [0x0000000703200000,0x00000007037f98e8,0x0000000707d00000)
 Metaspace       used 29458K, capacity 30596K, committed 30720K, reserved 1075200K
  class space    used 3818K, capacity 4071K, committed 4096K, reserved 1048576K
Event: 8.274 GC heap after
Heap after GC invocations=6 (full 1):
 PSYoungGen      total 102912K, used 6231K [0x0000000781100000, 0x0000000789b80000, 0x00000007c0000000)
  eden space 95232K, 0% used [0x0000000781100000,0x0000000781100000,0x0000000786e00000)
  from space 7680K, 81% used [0x0000000786e00000,0x0000000787415d00,0x0000000787580000)
  to   space 10240K, 0% used [0x0000000789180000,0x0000000789180000,0x0000000789b80000)
 ParOldGen       total 76800K, used 6126K [0x0000000703200000, 0x0000000707d00000, 0x0000000781100000)
  object space 76800K, 7% used [0x0000000703200000,0x00000007037fb8e8,0x0000000707d00000)
 Metaspace       used 29458K, capacity 30596K, committed 30720K, reserved 1075200K
  class space    used 3818K, capacity 4071K, committed 4096K, reserved 1048576K
}
Event: 9.836 GC heap before
{Heap before GC invocations=7 (full 1):
 PSYoungGen      total 102912K, used 101463K [0x0000000781100000, 0x0000000789b80000, 0x00000007c0000000)
  eden space 95232K, 100% used [0x0000000781100000,0x0000000786e00000,0x0000000786e00000)
  from space 7680K, 81% used [0x0000000786e00000,0x0000000787415d00,0x0000000787580000)
  to   space 10240K, 0% used [0x0000000789180000,0x0000000789180000,0x0000000789b80000)
 ParOldGen       total 76800K, used 6126K [0x0000000703200000, 0x0000000707d00000, 0x0000000781100000)
  object space 76800K, 7% used [0x0000000703200000,0x00000007037fb8e8,0x0000000707d00000)
 Metaspace       used 31598K, capacity 32734K, committed 32896K, reserved 1077248K
  class space    used 4114K, capacity 4373K, committed 4480K, reserved 1048576K
Event: 9.856 GC heap after
Heap after GC invocations=7 (full 1):
 PSYoungGen      total 132096K, used 6671K [0x0000000781100000, 0x000000078b600000, 0x00000007c0000000)
  eden space 121856K, 0% used [0x0000000781100000,0x0000000781100000,0x0000000788800000)
  from space 10240K, 65% used [0x0000000789180000,0x0000000789803d88,0x0000000789b80000)
  to   space 9728K, 0% used [0x0000000788800000,0x0000000788800000,0x0000000789180000)
 ParOldGen       total 76800K, used 6134K [0x0000000703200000, 0x0000000707d00000, 0x0000000781100000)
  object space 76800K, 7% used [0x0000000703200000,0x00000007037fd8e8,0x0000000707d00000)
 Metaspace       used 31598K, capacity 32734K, committed 32896K, reserved 1077248K
  class space    used 4114K, capacity 4373K, committed 4480K, reserved 1048576K
}
Event: 10.800 GC heap before
{Heap before GC invocations=8 (full 1):
 PSYoungGen      total 132096K, used 128527K [0x0000000781100000, 0x000000078b600000, 0x00000007c0000000)
  eden space 121856K, 100% used [0x0000000781100000,0x0000000788800000,0x0000000788800000)
  from space 10240K, 65% used [0x0000000789180000,0x0000000789803d88,0x0000000789b80000)
  to   space 9728K, 0% used [0x0000000788800000,0x0000000788800000,0x0000000789180000)
 ParOldGen       total 76800K, used 6134K [0x0000000703200000, 0x0000000707d00000, 0x0000000781100000)
  object space 76800K, 7% used [0x0000000703200000,0x00000007037fd8e8,0x0000000707d00000)
 Metaspace       used 32103K, capacity 33536K, committed 33792K, reserved 1079296K
  class space    used 4192K, capacity 4504K, committed 4608K, reserved 1048576K
Event: 10.814 GC heap after
Heap after GC invocations=8 (full 1):
 PSYoungGen      total 131584K, used 6292K [0x0000000781100000, 0x000000078e080000, 0x00000007c0000000)
  eden space 121856K, 0% used [0x0000000781100000,0x0000000781100000,0x0000000788800000)
  from space 9728K, 64% used [0x0000000788800000,0x0000000788e25098,0x0000000789180000)
  to   space 9728K, 0% used [0x000000078d700000,0x000000078d700000,0x000000078e080000)
 ParOldGen       total 76800K, used 6142K [0x0000000703200000, 0x0000000707d00000, 0x0000000781100000)
  object space 76800K, 7% used [0x0000000703200000,0x00000007037ff8e8,0x0000000707d00000)
 Metaspace       used 32103K, capacity 33536K, committed 33792K, reserved 1079296K
  class space    used 4192K, capacity 4504K, committed 4608K, reserved 1048576K
}

